<?xml version="1.0" encoding="UTF-8"?>
<!-- Generated by org.testng.reporters.JUnitReportReporter -->
<testsuite hostname="DESKTOP-BIUCLJH" failures="0" tests="1" name="app.runner.TestToDoList" time="11.842" errors="0" timestamp="2022-09-25T00:23:32 ICT" skipped="0">
  <testcase classname="app.runner.TestToDoList" name="testAddList" time="11.842"/>
  <system-out/>
</testsuite> <!-- app.runner.TestToDoList -->
