<?xml version="1.0" encoding="UTF-8"?>
<!-- Generated by org.testng.reporters.JUnitReportReporter -->
<testsuite hostname="DESKTOP-BIUCLJH" failures="0" tests="1" name="app.runner.TestEditToDoList" time="15.300" errors="0" timestamp="2022-09-25T00:35:32 ICT" skipped="0">
  <testcase classname="app.runner.TestEditToDoList" name="testEdit" time="15.300"/>
  <system-out/>
</testsuite> <!-- app.runner.TestEditToDoList -->
