<?xml version="1.0" encoding="UTF-8"?>
<!-- Generated by org.testng.reporters.JUnitReportReporter -->
<testsuite hostname="DESKTOP-BIUCLJH" failures="0" tests="1" name="app.runner.TestSearchToDoList" time="4.930" errors="0" timestamp="2022-09-25T00:32:35 ICT" skipped="0">
  <testcase classname="app.runner.TestSearchToDoList" name="testSearch" time="4.930"/>
  <system-out/>
</testsuite> <!-- app.runner.TestSearchToDoList -->
